0 info it worked if it ends with ok
1 verbose cli [ 'C:\\Program Files\\nodejs\\node.exe',
1 verbose cli   'C:\\Program Files\\nodejs\\node_modules\\npm\\bin\\npm-cli.js',
1 verbose cli   'install',
1 verbose cli   'bootstrap@4.0.0-apha.6',
1 verbose cli   '--save' ]
2 info using npm@3.10.8
3 info using node@v6.9.1
4 silly loadCurrentTree Starting
5 silly install loadCurrentTree
6 silly install readLocalPackageData
7 silly fetchPackageMetaData bootstrap@4.0.0-apha.6
8 silly fetchNamedPackageData bootstrap
9 silly mapToRegistry name bootstrap
10 silly mapToRegistry using default registry
11 silly mapToRegistry registry https://registry.npmjs.org/
12 silly mapToRegistry data Result {
12 silly mapToRegistry   raw: 'bootstrap',
12 silly mapToRegistry   scope: null,
12 silly mapToRegistry   escapedName: 'bootstrap',
12 silly mapToRegistry   name: 'bootstrap',
12 silly mapToRegistry   rawSpec: '',
12 silly mapToRegistry   spec: 'latest',
12 silly mapToRegistry   type: 'tag' }
13 silly mapToRegistry uri https://registry.npmjs.org/bootstrap
14 verbose request uri https://registry.npmjs.org/bootstrap
15 verbose request no auth needed
16 info attempt registry request try #1 at 19:33:14
17 verbose request id 539e3b70ad727bd9
18 http request GET https://registry.npmjs.org/bootstrap
19 http 200 https://registry.npmjs.org/bootstrap
20 verbose headers { server: 'nginx/1.10.1',
20 verbose headers   'content-type': 'application/json',
20 verbose headers   'last-modified': 'Sat, 17 Jun 2017 20:37:32 GMT',
20 verbose headers   etag: 'W/"5945930c-c76e"',
20 verbose headers   'content-encoding': 'gzip',
20 verbose headers   'cache-control': 'max-age=300',
20 verbose headers   'content-length': '9841',
20 verbose headers   'accept-ranges': 'bytes',
20 verbose headers   date: 'Wed, 21 Jun 2017 22:33:14 GMT',
20 verbose headers   via: '1.1 varnish',
20 verbose headers   age: '0',
20 verbose headers   connection: 'keep-alive',
20 verbose headers   'x-served-by': 'cache-gru7126-GRU',
20 verbose headers   'x-cache': 'HIT',
20 verbose headers   'x-cache-hits': '1',
20 verbose headers   'x-timer': 'S1498084394.361745,VS0,VE185',
20 verbose headers   vary: 'Accept-Encoding' }
21 silly get cb [ 200,
21 silly get   { server: 'nginx/1.10.1',
21 silly get     'content-type': 'application/json',
21 silly get     'last-modified': 'Sat, 17 Jun 2017 20:37:32 GMT',
21 silly get     etag: 'W/"5945930c-c76e"',
21 silly get     'content-encoding': 'gzip',
21 silly get     'cache-control': 'max-age=300',
21 silly get     'content-length': '9841',
21 silly get     'accept-ranges': 'bytes',
21 silly get     date: 'Wed, 21 Jun 2017 22:33:14 GMT',
21 silly get     via: '1.1 varnish',
21 silly get     age: '0',
21 silly get     connection: 'keep-alive',
21 silly get     'x-served-by': 'cache-gru7126-GRU',
21 silly get     'x-cache': 'HIT',
21 silly get     'x-cache-hits': '1',
21 silly get     'x-timer': 'S1498084394.361745,VS0,VE185',
21 silly get     vary: 'Accept-Encoding' } ]
22 verbose get saving bootstrap to C:\Program Files\nodejs\npm-cache\registry.npmjs.org\bootstrap\.cache.json
23 verbose correctMkdir C:\Program Files\nodejs\npm-cache correctMkdir not in flight; initializing
24 silly fetchPackageMetaData Error: No compatible version found: bootstrap@4.0.0-apha.6
24 silly fetchPackageMetaData Valid install targets:
24 silly fetchPackageMetaData 4.0.0-alpha.6, 4.0.0-alpha.5, 4.0.0-alpha.4, 4.0.0-alpha.3, 4.0.0-alpha.2, 3.3.7, 3.3.6, 3.3.5, 3.3.4, 3.3.2, 3.3.1, 3.3.0, 3.2.0, 3.1.1, 0.0.2, 0.0.1
24 silly fetchPackageMetaData
24 silly fetchPackageMetaData     at pickVersionFromRegistryDocument (C:\Program Files\nodejs\node_modules\npm\lib\fetch-package-metadata.js:178:16)
24 silly fetchPackageMetaData     at C:\Program Files\nodejs\node_modules\npm\node_modules\iferr\index.js:13:50
24 silly fetchPackageMetaData     at C:\Program Files\nodejs\node_modules\npm\lib\utils\pulse-till-done.js:20:8
24 silly fetchPackageMetaData     at saved (C:\Program Files\nodejs\node_modules\npm\lib\cache\caching-client.js:174:7)
24 silly fetchPackageMetaData     at C:\Program Files\nodejs\node_modules\npm\node_modules\graceful-fs\polyfills.js:233:18
24 silly fetchPackageMetaData     at FSReqWrap.oncomplete (fs.js:123:15)
24 silly fetchPackageMetaData  error for bootstrap@4.0.0-apha.6 { Error: No compatible version found: bootstrap@4.0.0-apha.6
24 silly fetchPackageMetaData Valid install targets:
24 silly fetchPackageMetaData 4.0.0-alpha.6, 4.0.0-alpha.5, 4.0.0-alpha.4, 4.0.0-alpha.3, 4.0.0-alpha.2, 3.3.7, 3.3.6, 3.3.5, 3.3.4, 3.3.2, 3.3.1, 3.3.0, 3.2.0, 3.1.1, 0.0.2, 0.0.1
24 silly fetchPackageMetaData
24 silly fetchPackageMetaData     at pickVersionFromRegistryDocument (C:\Program Files\nodejs\node_modules\npm\lib\fetch-package-metadata.js:178:16)
24 silly fetchPackageMetaData     at C:\Program Files\nodejs\node_modules\npm\node_modules\iferr\index.js:13:50
24 silly fetchPackageMetaData     at C:\Program Files\nodejs\node_modules\npm\lib\utils\pulse-till-done.js:20:8
24 silly fetchPackageMetaData     at saved (C:\Program Files\nodejs\node_modules\npm\lib\cache\caching-client.js:174:7)
24 silly fetchPackageMetaData     at C:\Program Files\nodejs\node_modules\npm\node_modules\graceful-fs\polyfills.js:233:18
24 silly fetchPackageMetaData     at FSReqWrap.oncomplete (fs.js:123:15) code: 'ETARGET' }
25 silly rollbackFailedOptional Starting
26 silly rollbackFailedOptional Finishing
27 silly runTopLevelLifecycles Finishing
28 silly install printInstalled
29 verbose stack Error: No compatible version found: bootstrap@4.0.0-apha.6
29 verbose stack Valid install targets:
29 verbose stack 4.0.0-alpha.6, 4.0.0-alpha.5, 4.0.0-alpha.4, 4.0.0-alpha.3, 4.0.0-alpha.2, 3.3.7, 3.3.6, 3.3.5, 3.3.4, 3.3.2, 3.3.1, 3.3.0, 3.2.0, 3.1.1, 0.0.2, 0.0.1
29 verbose stack
29 verbose stack     at pickVersionFromRegistryDocument (C:\Program Files\nodejs\node_modules\npm\lib\fetch-package-metadata.js:178:16)
29 verbose stack     at C:\Program Files\nodejs\node_modules\npm\node_modules\iferr\index.js:13:50
29 verbose stack     at C:\Program Files\nodejs\node_modules\npm\lib\utils\pulse-till-done.js:20:8
29 verbose stack     at saved (C:\Program Files\nodejs\node_modules\npm\lib\cache\caching-client.js:174:7)
29 verbose stack     at C:\Program Files\nodejs\node_modules\npm\node_modules\graceful-fs\polyfills.js:233:18
29 verbose stack     at FSReqWrap.oncomplete (fs.js:123:15)
30 verbose cwd D:\projs
31 error Windows_NT 6.3.9600
32 error argv "C:\\Program Files\\nodejs\\node.exe" "C:\\Program Files\\nodejs\\node_modules\\npm\\bin\\npm-cli.js" "install" "bootstrap@4.0.0-apha.6" "--save"
33 error node v6.9.1
34 error npm  v3.10.8
35 error code ETARGET
36 error notarget No compatible version found: bootstrap@4.0.0-apha.6
36 error notarget Valid install targets:
36 error notarget 4.0.0-alpha.6, 4.0.0-alpha.5, 4.0.0-alpha.4, 4.0.0-alpha.3, 4.0.0-alpha.2, 3.3.7, 3.3.6, 3.3.5, 3.3.4, 3.3.2, 3.3.1, 3.3.0, 3.2.0, 3.1.1, 0.0.2, 0.0.1
37 error notarget This is most likely not a problem with npm itself.
37 error notarget In most cases you or one of your dependencies are requesting
37 error notarget a package version that doesn't exist.
38 verbose exit [ 1, true ]
